# JRE version: OpenJDK Runtime Environment (17.0.2+8) (build 17.0.2+8-86)
# Java VM: OpenJDK 64-Bit Server VM (17.0.2+8-86, mixed mode, sharing, tiered, compressed oops, compressed class ptrs, g1 gc, windows-amd64)
GC Precious Log:
 CPUs: 12 total, 12 available
 Memory: 16052M
 Large Page Support: Disabled
 NUMA Support: Disabled
 Compressed Oops: Enabled (Zero based)
 Heap Region Size: 2M
 Heap Min Capacity: 8M
 Heap Initial Capacity: 252M
 Heap Max Capacity: 4014M
 Pre-touch: Disabled
 Parallel Workers: 10
 Concurrent Workers: 3
 Concurrent Refinement Workers: 10
 Periodic GC: Disabled
Heap:
 garbage-first heap   total 149504K, used 60401K [0x0000000705200000, 0x0000000800000000)
  region size 2048K, 23 young (47104K), 1 survivors (2048K)
 Metaspace       used 32262K, committed 32768K, reserved 1081344K
  class space    used 3905K, committed 4160K, reserved 1048576K
GC Heap History (20 events):
Event: 5928.778 GC heap before
{Heap before GC invocations=35 (full 0):
 garbage-first heap   total 149504K, used 103339K [0x0000000705200000, 0x0000000800000000)
  region size 2048K, 43 young (88064K), 1 survivors (2048K)
 Metaspace       used 32197K, committed 32704K, reserved 1081344K
  class space    used 3904K, committed 4160K, reserved 1048576K
}
Event: 5928.780 GC heap after
{Heap after GC invocations=36 (full 0):
 garbage-first heap   total 149504K, used 17352K [0x0000000705200000, 0x0000000800000000)
  region size 2048K, 1 young (2048K), 1 survivors (2048K)
 Metaspace       used 32197K, committed 32704K, reserved 1081344K
  class space    used 3904K, committed 4160K, reserved 1048576K
}
Event: 5933.430 GC heap before
{Heap before GC invocations=36 (full 0):
 garbage-first heap   total 149504K, used 103368K [0x0000000705200000, 0x0000000800000000)
  region size 2048K, 43 young (88064K), 1 survivors (2048K)
 Metaspace       used 32210K, committed 32704K, reserved 1081344K
  class space    used 3904K, committed 4160K, reserved 1048576K
}
Event: 5933.431 GC heap after
{Heap after GC invocations=37 (full 0):
 garbage-first heap   total 149504K, used 17316K [0x0000000705200000, 0x0000000800000000)
  region size 2048K, 1 young (2048K), 1 survivors (2048K)
 Metaspace       used 32210K, committed 32704K, reserved 1081344K
  class space    used 3904K, committed 4160K, reserved 1048576K
}
Event: 5951.121 GC heap before
{Heap before GC invocations=37 (full 0):
 garbage-first heap   total 149504K, used 103332K [0x0000000705200000, 0x0000000800000000)
  region size 2048K, 43 young (88064K), 1 survivors (2048K)
 Metaspace       used 32218K, committed 32704K, reserved 1081344K
  class space    used 3904K, committed 4160K, reserved 1048576K
}
Event: 5951.122 GC heap after
{Heap after GC invocations=38 (full 0):
 garbage-first heap   total 149504K, used 17333K [0x0000000705200000, 0x0000000800000000)
  region size 2048K, 1 young (2048K), 1 survivors (2048K)
 Metaspace       used 32218K, committed 32704K, reserved 1081344K
  class space    used 3904K, committed 4160K, reserved 1048576K
}
Event: 5952.371 GC heap before
{Heap before GC invocations=38 (full 0):
 garbage-first heap   total 149504K, used 101301K [0x0000000705200000, 0x0000000800000000)
  region size 2048K, 43 young (88064K), 1 survivors (2048K)
 Metaspace       used 32221K, committed 32704K, reserved 1081344K
  class space    used 3904K, committed 4160K, reserved 1048576K
}
Event: 5952.372 GC heap after
{Heap after GC invocations=39 (full 0):
 garbage-first heap   total 149504K, used 17355K [0x0000000705200000, 0x0000000800000000)
  region size 2048K, 1 young (2048K), 1 survivors (2048K)
 Metaspace       used 32221K, committed 32704K, reserved 1081344K
  class space    used 3904K, committed 4160K, reserved 1048576K
}
Event: 5955.967 GC heap before
{Heap before GC invocations=39 (full 0):
 garbage-first heap   total 149504K, used 103371K [0x0000000705200000, 0x0000000800000000)
  region size 2048K, 43 young (88064K), 1 survivors (2048K)
 Metaspace       used 32224K, committed 32704K, reserved 1081344K
  class space    used 3904K, committed 4160K, reserved 1048576K
}
Event: 5955.968 GC heap after
{Heap after GC invocations=40 (full 0):
 garbage-first heap   total 149504K, used 17355K [0x0000000705200000, 0x0000000800000000)
  region size 2048K, 1 young (2048K), 1 survivors (2048K)
 Metaspace       used 32224K, committed 32704K, reserved 1081344K
  class space    used 3904K, committed 4160K, reserved 1048576K
}
Event: 5957.770 GC heap before
{Heap before GC invocations=40 (full 0):
 garbage-first heap   total 149504K, used 103371K [0x0000000705200000, 0x0000000800000000)
  region size 2048K, 43 young (88064K), 1 survivors (2048K)
 Metaspace       used 32226K, committed 32704K, reserved 1081344K
  class space    used 3904K, committed 4160K, reserved 1048576K
}
Event: 5957.771 GC heap after
{Heap after GC invocations=41 (full 0):
 garbage-first heap   total 149504K, used 17371K [0x0000000705200000, 0x0000000800000000)
  region size 2048K, 1 young (2048K), 1 survivors (2048K)
 Metaspace       used 32226K, committed 32704K, reserved 1081344K
  class space    used 3904K, committed 4160K, reserved 1048576K
}
Event: 5958.707 GC heap before
{Heap before GC invocations=41 (full 0):
 garbage-first heap   total 149504K, used 103387K [0x0000000705200000, 0x0000000800000000)
  region size 2048K, 43 young (88064K), 1 survivors (2048K)
 Metaspace       used 32244K, committed 32704K, reserved 1081344K
  class space    used 3904K, committed 4160K, reserved 1048576K
}
Event: 5958.708 GC heap after
{Heap after GC invocations=42 (full 0):
 garbage-first heap   total 149504K, used 17354K [0x0000000705200000, 0x0000000800000000)
  region size 2048K, 1 young (2048K), 1 survivors (2048K)
 Metaspace       used 32244K, committed 32704K, reserved 1081344K
  class space    used 3904K, committed 4160K, reserved 1048576K
}
Event: 5963.320 GC heap before
{Heap before GC invocations=42 (full 0):
 garbage-first heap   total 149504K, used 101322K [0x0000000705200000, 0x0000000800000000)
  region size 2048K, 43 young (88064K), 1 survivors (2048K)
 Metaspace       used 32246K, committed 32704K, reserved 1081344K
  class space    used 3904K, committed 4160K, reserved 1048576K
}
Event: 5963.321 GC heap after
{Heap after GC invocations=43 (full 0):
 garbage-first heap   total 149504K, used 17299K [0x0000000705200000, 0x0000000800000000)
  region size 2048K, 1 young (2048K), 1 survivors (2048K)
 Metaspace       used 32246K, committed 32704K, reserved 1081344K
  class space    used 3904K, committed 4160K, reserved 1048576K
}
Event: 5965.217 GC heap before
{Heap before GC invocations=43 (full 0):
 garbage-first heap   total 149504K, used 103315K [0x0000000705200000, 0x0000000800000000)
  region size 2048K, 43 young (88064K), 1 survivors (2048K)
 Metaspace       used 32262K, committed 32768K, reserved 1081344K
  class space    used 3905K, committed 4160K, reserved 1048576K
}
Event: 5965.218 GC heap after
{Heap after GC invocations=44 (full 0):
 garbage-first heap   total 149504K, used 17397K [0x0000000705200000, 0x0000000800000000)
  region size 2048K, 1 young (2048K), 1 survivors (2048K)
 Metaspace       used 32262K, committed 32768K, reserved 1081344K
  class space    used 3905K, committed 4160K, reserved 1048576K
}
Event: 5966.278 GC heap before
{Heap before GC invocations=44 (full 0):
 garbage-first heap   total 149504K, used 103413K [0x0000000705200000, 0x0000000800000000)
  region size 2048K, 43 young (88064K), 1 survivors (2048K)
 Metaspace       used 32262K, committed 32768K, reserved 1081344K
  class space    used 3905K, committed 4160K, reserved 1048576K
}
Event: 5966.279 GC heap after
{Heap after GC invocations=45 (full 0):
 garbage-first heap   total 149504K, used 17393K [0x0000000705200000, 0x0000000800000000)
  region size 2048K, 1 young (2048K), 1 survivors (2048K)
 Metaspace       used 32262K, committed 32768K, reserved 1081344K
  class space    used 3905K, committed 4160K, reserved 1048576K
}

